<?xml version="1.0" encoding="UTF-8"?>
<testsuite xmlns:xsi="http://www.w3.org/2001/XMLSchema-instance" xsi:noNamespaceSchemaLocation="https://maven.apache.org/surefire/maven-surefire-plugin/xsd/surefire-test-report.xsd" version="3.0.2" name="InputFilterTests" time="0.385" tests="7" errors="0" skipped="0" failures="0">
  <properties>
[...]
</properties>
  <testcase name="inputFilterRoverTopBoundaryTest" classname="InputFilterTests" time="0.337">
    <system-out><![CDATA[The rover is now at 3 3, Heading is NORTH
This command would cause the rover to go off the Plateau! Rover movement is paused and all subsequent commands ignored!
The rover is now at 3 5, Heading is NORTH
]]></system-out>
  </testcase>
  <testcase name="inputFilterRoverMoveTest" classname="InputFilterTests" time="0.001">
    <system-out><![CDATA[The rover is now at 2 2, Heading is NORTH
The rover is now at 0 0, Heading is SOUTH
]]></system-out>
  </testcase>
  <testcase name="inputFilterPlateauTest" classname="InputFilterTests" time="0.004">
    <system-out><![CDATA[A plateau already exists!
]]></system-out>
  </testcase>
  <testcase name="inputFilterRoverCreationTest" classname="InputFilterTests" time="0.001">
    <system-out><![CDATA[The rover is now at 2 2, Heading is NORTH
]]></system-out>
  </testcase>
  <testcase name="inputFilterRoverLeftBoundaryTest" classname="InputFilterTests" time="0.0">
    <system-out><![CDATA[A plateau already exists!
The rover is now at 3 3, Heading is WEST
This command would cause the rover to go off the Plateau! Rover movement is paused and all subsequent commands ignored!
The rover is now at 0 3, Heading is WEST
]]></system-out>
  </testcase>
  <testcase name="inputFilterRoverBottomBoundaryTest" classname="InputFilterTests" time="0.0">
    <system-out><![CDATA[A plateau already exists!
The rover is now at 3 3, Heading is SOUTH
This command would cause the rover to go off the Plateau! Rover movement is paused and all subsequent commands ignored!
The rover is now at 3 0, Heading is SOUTH
]]></system-out>
  </testcase>
  <testcase name="inputFilterRoverRightBoundaryTest" classname="InputFilterTests" time="0.0">
    <system-out><![CDATA[A plateau already exists!
The rover is now at 3 3, Heading is EAST
This command would cause the rover to go off the Plateau! Rover movement is paused and all subsequent commands ignored!
The rover is now at 5 3, Heading is EAST
]]></system-out>
  </testcase>
</testsuite>